2020-11-17 18:24:06.387  INFO 5752 --- [restartedMain] o.s.b.w.embedded.tomcat.TomcatWebServer  : Tomcat initialized with port(s): 8080 (http)
2020-11-17 18:24:06.390  INFO 5752 --- [restartedMain] o.apache.catalina.core.StandardService   : Starting service [Tomcat]
2020-11-17 18:24:06.390  INFO 5752 --- [restartedMain] org.apache.catalina.core.StandardEngine  : Starting Servlet engine: [Apache Tomcat/9.0.39]
2020-11-17 18:24:06.605  INFO 5752 --- [restartedMain] o.a.c.c.C.[.[localhost].[/community]     : Initializing Spring embedded WebApplicationContext
2020-11-17 18:24:06.605  INFO 5752 --- [restartedMain] w.s.c.ServletWebServerApplicationContext : Root WebApplicationContext: initialization completed in 2050 ms
2020-11-17 18:24:07.517  INFO 5752 --- [restartedMain] o.s.s.concurrent.ThreadPoolTaskExecutor  : Initializing ExecutorService 'applicationTaskExecutor'
2020-11-17 18:24:07.585  INFO 5752 --- [restartedMain] o.s.b.a.w.s.WelcomePageHandlerMapping    : Adding welcome page template: index
2020-11-17 18:24:07.891  INFO 5752 --- [restartedMain] o.s.b.d.a.OptionalLiveReloadServer       : LiveReload server is running on port 35729
2020-11-17 18:24:07.952  INFO 5752 --- [restartedMain] o.s.b.w.embedded.tomcat.TomcatWebServer  : Tomcat started on port(s): 8080 (http) with context path '/community'
2020-11-17 18:24:08.004  INFO 5752 --- [restartedMain] .ConditionEvaluationDeltaLoggingListener : Condition evaluation unchanged
2020-11-17 18:24:13.797  INFO 9300 --- [main] com.youkeyuancommunity.LogerTests        : Starting LogerTests using Java 11.0.2 on common with PID 9300 (started by admin in E:\IDEA\youkeyuancommunity)
2020-11-17 18:24:13.799 DEBUG 9300 --- [main] com.youkeyuancommunity.LogerTests        : Running with Spring Boot v2.4.0, Spring v5.3.1
2020-11-17 18:24:13.806  INFO 9300 --- [main] com.youkeyuancommunity.LogerTests        : No active profile set, falling back to default profiles: default
2020-11-17 18:24:23.083  INFO 9300 --- [main] o.s.s.concurrent.ThreadPoolTaskExecutor  : Initializing ExecutorService 'applicationTaskExecutor'
2020-11-17 18:24:23.692  INFO 9300 --- [main] o.s.b.a.w.s.WelcomePageHandlerMapping    : Adding welcome page template: index
2020-11-17 18:24:27.108  INFO 9300 --- [main] com.youkeyuancommunity.LogerTests        : Started LogerTests in 15.318 seconds (JVM running for 22.303)
2020-11-17 18:24:29.304 DEBUG 9300 --- [main] com.youkeyuancommunity.LogerTests        : debug log
2020-11-17 18:24:29.306  INFO 9300 --- [main] com.youkeyuancommunity.LogerTests        : info log
2020-11-17 18:24:29.308  WARN 9300 --- [main] com.youkeyuancommunity.LogerTests        : warn log
2020-11-17 18:24:29.311 ERROR 9300 --- [main] com.youkeyuancommunity.LogerTests        : error log
2020-11-17 18:24:29.400  INFO 9300 --- [SpringContextShutdownHook] o.s.s.concurrent.ThreadPoolTaskExecutor  : Shutting down ExecutorService 'applicationTaskExecutor'
2020-11-17 18:34:14.020  INFO 5752 --- [Thread-28] o.s.s.concurrent.ThreadPoolTaskExecutor  : Shutting down ExecutorService 'applicationTaskExecutor'
