2020-11-17 18:34:14,665 INFO [restartedMain] c.y.c.CommunityApplication [StartupInfoLogger.java:55] Starting CommunityApplication using Java 11.0.2 on common with PID 5752 (E:\IDEA\youkeyuancommunity\target\classes started by admin in E:\IDEA\youkeyuancommunity)
2020-11-17 18:34:14,667 INFO [restartedMain] c.y.c.CommunityApplication [SpringApplication.java:660] No active profile set, falling back to default profiles: default
2020-11-17 18:34:16,609 INFO [restartedMain] o.s.b.w.e.t.TomcatWebServer [TomcatWebServer.java:108] Tomcat initialized with port(s): 8080 (http)
2020-11-17 18:34:16,619 INFO [restartedMain] o.a.c.c.StandardService [DirectJDKLog.java:173] Starting service [Tomcat]
2020-11-17 18:34:16,620 INFO [restartedMain] o.a.c.c.StandardEngine [DirectJDKLog.java:173] Starting Servlet engine: [Apache Tomcat/9.0.39]
2020-11-17 18:34:16,766 INFO [restartedMain] o.a.c.c.C.[.[.[/community] [DirectJDKLog.java:173] Initializing Spring embedded WebApplicationContext
2020-11-17 18:34:16,770 INFO [restartedMain] o.s.b.w.s.c.ServletWebServerApplicationContext [ServletWebServerApplicationContext.java:289] Root WebApplicationContext: initialization completed in 2095 ms
2020-11-17 18:34:17,242 INFO [restartedMain] o.s.s.c.ThreadPoolTaskExecutor [ExecutorConfigurationSupport.java:181] Initializing ExecutorService 'applicationTaskExecutor'
2020-11-17 18:34:17,392 INFO [restartedMain] o.s.b.a.w.s.WelcomePageHandlerMapping [WelcomePageHandlerMapping.java:58] Adding welcome page template: index
2020-11-17 18:34:17,732 INFO [restartedMain] o.s.b.d.a.OptionalLiveReloadServer [OptionalLiveReloadServer.java:58] LiveReload server is running on port 35729
2020-11-17 18:34:17,938 INFO [restartedMain] o.s.b.w.e.t.TomcatWebServer [TomcatWebServer.java:220] Tomcat started on port(s): 8080 (http) with context path '/community'
2020-11-17 18:34:17,956 INFO [restartedMain] c.y.c.CommunityApplication [StartupInfoLogger.java:61] Started CommunityApplication in 3.83 seconds (JVM running for 3121.091)
2020-11-17 18:34:17,964 INFO [restartedMain] o.s.b.d.a.ConditionEvaluationDeltaLoggingListener [ConditionEvaluationDeltaLoggingListener.java:63] Condition evaluation unchanged
2020-11-17 18:34:21,900 INFO [main] c.y.LogerTests [StartupInfoLogger.java:55] Starting LogerTests using Java 11.0.2 on common with PID 1976 (started by admin in E:\IDEA\youkeyuancommunity)
2020-11-17 18:34:21,922 INFO [main] c.y.LogerTests [SpringApplication.java:660] No active profile set, falling back to default profiles: default
2020-11-17 18:34:33,429 INFO [main] o.s.s.c.ThreadPoolTaskExecutor [ExecutorConfigurationSupport.java:181] Initializing ExecutorService 'applicationTaskExecutor'
2020-11-17 18:34:34,110 INFO [main] o.s.b.a.w.s.WelcomePageHandlerMapping [WelcomePageHandlerMapping.java:58] Adding welcome page template: index
2020-11-17 18:34:36,316 INFO [main] c.y.LogerTests [StartupInfoLogger.java:61] Started LogerTests in 17.314 seconds (JVM running for 24.519)
2020-11-17 18:34:38,339 INFO [main] c.y.LogerTests [LogerTests.java:22] info log
2020-11-17 18:34:38,432 INFO [SpringContextShutdownHook] o.s.s.c.ThreadPoolTaskExecutor [ExecutorConfigurationSupport.java:218] Shutting down ExecutorService 'applicationTaskExecutor'
2020-11-17 18:37:28,540 INFO [Thread-33] o.s.s.c.ThreadPoolTaskExecutor [ExecutorConfigurationSupport.java:218] Shutting down ExecutorService 'applicationTaskExecutor'
2020-11-17 18:37:28,935 INFO [restartedMain] c.y.c.CommunityApplication [StartupInfoLogger.java:55] Starting CommunityApplication using Java 11.0.2 on common with PID 5752 (E:\IDEA\youkeyuancommunity\target\classes started by admin in E:\IDEA\youkeyuancommunity)
2020-11-17 18:37:28,936 INFO [restartedMain] c.y.c.CommunityApplication [SpringApplication.java:660] No active profile set, falling back to default profiles: default
2020-11-17 18:37:31,041 INFO [restartedMain] o.s.b.w.e.t.TomcatWebServer [TomcatWebServer.java:108] Tomcat initialized with port(s): 8080 (http)
2020-11-17 18:37:31,064 INFO [restartedMain] o.a.c.c.StandardService [DirectJDKLog.java:173] Starting service [Tomcat]
2020-11-17 18:37:31,066 INFO [restartedMain] o.a.c.c.StandardEngine [DirectJDKLog.java:173] Starting Servlet engine: [Apache Tomcat/9.0.39]
2020-11-17 18:37:31,448 INFO [restartedMain] o.a.c.c.C.[.[.[/community] [DirectJDKLog.java:173] Initializing Spring embedded WebApplicationContext
2020-11-17 18:37:31,451 INFO [restartedMain] o.s.b.w.s.c.ServletWebServerApplicationContext [ServletWebServerApplicationContext.java:289] Root WebApplicationContext: initialization completed in 2509 ms
2020-11-17 18:37:34,414 INFO [restartedMain] o.s.s.c.ThreadPoolTaskExecutor [ExecutorConfigurationSupport.java:181] Initializing ExecutorService 'applicationTaskExecutor'
2020-11-17 18:37:34,479 INFO [restartedMain] o.s.b.a.w.s.WelcomePageHandlerMapping [WelcomePageHandlerMapping.java:58] Adding welcome page template: index
2020-11-17 18:37:34,748 INFO [restartedMain] o.s.b.d.a.OptionalLiveReloadServer [OptionalLiveReloadServer.java:58] LiveReload server is running on port 35729
2020-11-17 18:37:34,887 INFO [restartedMain] o.s.b.w.e.t.TomcatWebServer [TomcatWebServer.java:220] Tomcat started on port(s): 8080 (http) with context path '/community'
2020-11-17 18:37:35,041 INFO [restartedMain] c.y.c.CommunityApplication [StartupInfoLogger.java:61] Started CommunityApplication in 6.342 seconds (JVM running for 3318.175)
2020-11-17 18:37:35,044 INFO [restartedMain] o.s.b.d.a.ConditionEvaluationDeltaLoggingListener [ConditionEvaluationDeltaLoggingListener.java:63] Condition evaluation unchanged
2020-11-17 18:37:37,422 INFO [main] c.y.LogerTests [StartupInfoLogger.java:55] Starting LogerTests using Java 11.0.2 on common with PID 14728 (started by admin in E:\IDEA\youkeyuancommunity)
2020-11-17 18:37:37,432 INFO [main] c.y.LogerTests [SpringApplication.java:660] No active profile set, falling back to default profiles: default
2020-11-17 18:37:45,874 INFO [main] o.s.s.c.ThreadPoolTaskExecutor [ExecutorConfigurationSupport.java:181] Initializing ExecutorService 'applicationTaskExecutor'
2020-11-17 18:37:46,714 INFO [main] o.s.b.a.w.s.WelcomePageHandlerMapping [WelcomePageHandlerMapping.java:58] Adding welcome page template: index
2020-11-17 18:37:48,745 INFO [main] c.y.LogerTests [StartupInfoLogger.java:61] Started LogerTests in 13.365 seconds (JVM running for 20.703)
2020-11-17 18:37:50,450 INFO [main] c.y.LogerTests [LogerTests.java:22] info log
2020-11-17 18:37:50,556 INFO [SpringContextShutdownHook] o.s.s.c.ThreadPoolTaskExecutor [ExecutorConfigurationSupport.java:218] Shutting down ExecutorService 'applicationTaskExecutor'
2020-11-17 18:39:31,674 INFO [http-nio-8080-exec-10] o.a.c.c.C.[.[.[/community] [DirectJDKLog.java:173] Initializing Spring DispatcherServlet 'dispatcherServlet'
2020-11-17 18:39:31,678 INFO [http-nio-8080-exec-10] o.s.w.s.DispatcherServlet [FrameworkServlet.java:525] Initializing Servlet 'dispatcherServlet'
2020-11-17 18:39:31,681 INFO [http-nio-8080-exec-10] o.s.w.s.DispatcherServlet [FrameworkServlet.java:547] Completed initialization in 2 ms
2020-11-17 18:39:44,261 INFO [http-nio-8080-exec-1] c.z.h.HikariDataSource [HikariDataSource.java:110] HikariPool-2 - Starting...
2020-11-17 18:39:44,282 INFO [http-nio-8080-exec-1] c.z.h.HikariDataSource [HikariDataSource.java:123] HikariPool-2 - Start completed.
2020-11-17 19:09:56,241 INFO [Thread-38] o.s.s.c.ThreadPoolTaskExecutor [ExecutorConfigurationSupport.java:218] Shutting down ExecutorService 'applicationTaskExecutor'
2020-11-17 19:09:56,242 INFO [Thread-38] c.z.h.HikariDataSource [HikariDataSource.java:350] HikariPool-2 - Shutdown initiated...
2020-11-17 19:09:56,253 INFO [Thread-38] c.z.h.HikariDataSource [HikariDataSource.java:352] HikariPool-2 - Shutdown completed.
2020-11-17 19:19:25,077 INFO [main] c.y.LogerTests [StartupInfoLogger.java:55] Starting LogerTests using Java 11.0.2 on common with PID 14052 (started by admin in E:\IDEA\community)
2020-11-17 19:19:25,110 INFO [main] c.y.LogerTests [SpringApplication.java:660] No active profile set, falling back to default profiles: default
2020-11-17 19:19:32,953 INFO [main] o.s.s.c.ThreadPoolTaskExecutor [ExecutorConfigurationSupport.java:181] Initializing ExecutorService 'applicationTaskExecutor'
2020-11-17 19:19:33,901 INFO [main] o.s.b.a.w.s.WelcomePageHandlerMapping [WelcomePageHandlerMapping.java:58] Adding welcome page template: index
2020-11-17 19:19:35,988 INFO [main] c.y.LogerTests [StartupInfoLogger.java:61] Started LogerTests in 13.218 seconds (JVM running for 21.023)
2020-11-17 19:19:38,046 INFO [main] c.y.LogerTests [LogerTests.java:22] info log
2020-11-17 19:19:38,209 INFO [SpringContextShutdownHook] o.s.s.c.ThreadPoolTaskExecutor [ExecutorConfigurationSupport.java:218] Shutting down ExecutorService 'applicationTaskExecutor'
